<?xml version="1.0" encoding="UTF-8"?>
<!-- Generated by org.testng.reporters.JUnitReportReporter -->
<testsuite skipped="0" hostname="DESKTOP-H4OO3GB" name="com.qualitrrix.test.UBScenarioSanity3" tests="1" failures="0" timestamp="2023-09-08T20:56:43 IST" time="142.026" errors="0">
  <testcase name="EditCreatedProject" time="142.026" classname="com.qualitrrix.test.UBScenarioSanity3"/>
  <system-out/>
</testsuite> <!-- com.qualitrrix.test.UBScenarioSanity3 -->
